0 info it worked if it ends with ok
1 verbose cli [ '/usr/local/bin/node', '/usr/local/bin/npm', 'start' ]
2 info using npm@3.10.7
3 info using node@v6.2.2
4 verbose run-script [ 'prestart', 'start', 'poststart' ]
5 info lifecycle cookbook@1.0.0~prestart: cookbook@1.0.0
6 silly lifecycle cookbook@1.0.0~prestart: no script for prestart, continuing
7 info lifecycle cookbook@1.0.0~start: cookbook@1.0.0
8 verbose lifecycle cookbook@1.0.0~start: unsafe-perm in lifecycle true
9 verbose lifecycle cookbook@1.0.0~start: PATH: /usr/local/lib/node_modules/npm/bin/node-gyp-bin:/Volumes/Transcend/Code/React/cookbook/node_modules/.bin:/usr/local/bin:/usr/bin:/bin:/usr/sbin:/sbin
10 verbose lifecycle cookbook@1.0.0~start: CWD: /Volumes/Transcend/Code/React/cookbook
11 silly lifecycle cookbook@1.0.0~start: Args: [ '-c',
11 silly lifecycle   'webpack-dev-server --inline --content-base . --history-api-fallback' ]
12 silly lifecycle cookbook@1.0.0~start: Returned: code: 1  signal: null
13 info lifecycle cookbook@1.0.0~start: Failed to exec start script
14 verbose stack Error: cookbook@1.0.0 start: `webpack-dev-server --inline --content-base . --history-api-fallback`
14 verbose stack Exit status 1
14 verbose stack     at EventEmitter.<anonymous> (/usr/local/lib/node_modules/npm/lib/utils/lifecycle.js:255:16)
14 verbose stack     at emitTwo (events.js:106:13)
14 verbose stack     at EventEmitter.emit (events.js:191:7)
14 verbose stack     at ChildProcess.<anonymous> (/usr/local/lib/node_modules/npm/lib/utils/spawn.js:40:14)
14 verbose stack     at emitTwo (events.js:106:13)
14 verbose stack     at ChildProcess.emit (events.js:191:7)
14 verbose stack     at maybeClose (internal/child_process.js:852:16)
14 verbose stack     at Process.ChildProcess._handle.onexit (internal/child_process.js:215:5)
15 verbose pkgid cookbook@1.0.0
16 verbose cwd /Volumes/Transcend/Code/React/cookbook
17 error Darwin 15.6.0
18 error argv "/usr/local/bin/node" "/usr/local/bin/npm" "start"
19 error node v6.2.2
20 error npm  v3.10.7
21 error code ELIFECYCLE
22 error cookbook@1.0.0 start: `webpack-dev-server --inline --content-base . --history-api-fallback`
22 error Exit status 1
23 error Failed at the cookbook@1.0.0 start script 'webpack-dev-server --inline --content-base . --history-api-fallback'.
23 error Make sure you have the latest version of node.js and npm installed.
23 error If you do, this is most likely a problem with the cookbook package,
23 error not with npm itself.
23 error Tell the author that this fails on your system:
23 error     webpack-dev-server --inline --content-base . --history-api-fallback
23 error You can get information on how to open an issue for this project with:
23 error     npm bugs cookbook
23 error Or if that isn't available, you can get their info via:
23 error     npm owner ls cookbook
23 error There is likely additional logging output above.
24 verbose exit [ 1, true ]
